This is pdfTeX, Version 3.14159265-2.6-1.40.19 (MiKTeX 2.9.6730 64-bit) (preloaded format=pdflatex 2018.7.10)  12 DEC 2018 08:55
entering extended mode
**./beamer.tex
(beamer.tex
LaTeX2e <2018-04-01> patch level 5

("C:\Users\Gabriel\AppData\Local\Programs\MiKTeX 2.9\tex\latex\beamer\beamer.cl
s"
Document Class: beamer 2018/12/02 v3.55 A class for typesetting presentations

("C:\Users\Gabriel\AppData\Local\Programs\MiKTeX 2.9\tex\latex\beamer\beamerbas
emodes.sty"
("C:\Users\Gabriel\AppData\Local\Programs\MiKTeX 2.9\tex\latex\etoolbox\etoolbo
x.sty"
Package: etoolbox 2018/02/11 v2.5e e-TeX tools for LaTeX (JAW)
\etb@tempcnta=\count80
)
\beamer@tempbox=\box26
\beamer@tempcount=\count81
\c@beamerpauses=\count82

("C:\Users\Gabriel\AppData\Local\Programs\MiKTeX 2.9\tex\latex\beamer\beamerbas
edecode.sty"
\beamer@slideinframe=\count83
\beamer@minimum=\count84
)
\beamer@commentbox=\box27
\beamer@modecount=\count85
)
("C:\Users\Gabriel\AppData\Local\Programs\MiKTeX 2.9\tex\generic\oberdiek\ifpdf
.sty"
Package: ifpdf 2017/03/15 v3.2 Provides the ifpdf switch
)
\headdp=\dimen102
\footheight=\dimen103
\sidebarheight=\dimen104
\beamer@tempdim=\dimen105
\beamer@finalheight=\dimen106
\beamer@animht=\dimen107
\beamer@animdp=\dimen108
\beamer@animwd=\dimen109
\beamer@leftmargin=\dimen110
\beamer@rightmargin=\dimen111
\beamer@leftsidebar=\dimen112
\beamer@rightsidebar=\dimen113
\beamer@boxsize=\dimen114
\beamer@vboxoffset=\dimen115
\beamer@descdefault=\dimen116
\beamer@descriptionwidth=\dimen117
\beamer@lastskip=\skip41
\beamer@areabox=\box28
\beamer@animcurrent=\box29
\beamer@animshowbox=\box30
\beamer@sectionbox=\box31
\beamer@logobox=\box32
\beamer@linebox=\box33
\beamer@sectioncount=\count86
\beamer@subsubsectionmax=\count87
\beamer@subsectionmax=\count88
\beamer@sectionmax=\count89
\beamer@totalheads=\count90
\beamer@headcounter=\count91
\beamer@partstartpage=\count92
\beamer@sectionstartpage=\count93
\beamer@subsectionstartpage=\count94
\beamer@animationtempa=\count95
\beamer@animationtempb=\count96
\beamer@xpos=\count97
\beamer@ypos=\count98
\beamer@ypos@offset=\count99
\beamer@showpartnumber=\count100
\beamer@currentsubsection=\count101
\beamer@coveringdepth=\count102
\beamer@sectionadjust=\count103
\beamer@tocsectionnumber=\count104

("C:\Users\Gabriel\AppData\Local\Programs\MiKTeX 2.9\tex\latex\beamer\beamerbas
eoptions.sty"
("C:\Users\Gabriel\AppData\Local\Programs\MiKTeX 2.9\tex\latex\graphics\keyval.
sty"
Package: keyval 2014/10/28 v1.15 key=value parser (DPC)
\KV@toks@=\toks14
))
\beamer@paperwidth=\skip42
\beamer@paperheight=\skip43

("C:\Users\Gabriel\AppData\Local\Programs\MiKTeX 2.9\tex\latex\geometry\geometr
y.sty"
Package: geometry 2018/04/16 v5.8 Page Geometry

("C:\Users\Gabriel\AppData\Local\Programs\MiKTeX 2.9\tex\generic\oberdiek\ifvte
x.sty"
Package: ifvtex 2016/05/16 v1.6 Detect VTeX and its facilities (HO)
Package ifvtex Info: VTeX not detected.
)
("C:\Users\Gabriel\AppData\Local\Programs\MiKTeX 2.9\tex\generic\ifxetex\ifxete
x.sty"
Package: ifxetex 2010/09/12 v0.6 Provides ifxetex conditional
)
\Gm@cnth=\count105
\Gm@cntv=\count106
\c@Gm@tempcnt=\count107
\Gm@bindingoffset=\dimen118
\Gm@wd@mp=\dimen119
\Gm@odd@mp=\dimen120
\Gm@even@mp=\dimen121
\Gm@layoutwidth=\dimen122
\Gm@layoutheight=\dimen123
\Gm@layouthoffset=\dimen124
\Gm@layoutvoffset=\dimen125
\Gm@dimlist=\toks15

("C:\Users\Gabriel\AppData\Local\Programs\MiKTeX 2.9\tex\latex\geometry\geometr
y.cfg"))
("C:\Users\Gabriel\AppData\Local\Programs\MiKTeX 2.9\tex\latex\extsizes\size9.c
lo"
File: size9.clo 1999/11/11 v1.4a NON-Standard LaTeX file (size option)
)
("C:\Users\Gabriel\AppData\Local\Programs\MiKTeX 2.9\tex\latex\pgf\basiclayer\p
gfcore.sty"
("C:\Users\Gabriel\AppData\Local\Programs\MiKTeX 2.9\tex\latex\graphics\graphic
x.sty"
Package: graphicx 2017/06/01 v1.1a Enhanced LaTeX Graphics (DPC,SPQR)

("C:\Users\Gabriel\AppData\Local\Programs\MiKTeX 2.9\tex\latex\graphics\graphic
s.sty"
Package: graphics 2017/06/25 v1.2c Standard LaTeX Graphics (DPC,SPQR)

("C:\Users\Gabriel\AppData\Local\Programs\MiKTeX 2.9\tex\latex\graphics\trig.st
y"
Package: trig 2016/01/03 v1.10 sin cos tan (DPC)
)
("C:\Users\Gabriel\AppData\Local\Programs\MiKTeX 2.9\tex\latex\graphics-cfg\gra
phics.cfg"
File: graphics.cfg 2016/06/04 v1.11 sample graphics configuration
)
Package graphics Info: Driver file: pdftex.def on input line 99.

("C:\Users\Gabriel\AppData\Local\Programs\MiKTeX 2.9\tex\latex\graphics-def\pdf
tex.def"
File: pdftex.def 2018/01/08 v1.0l Graphics/color driver for pdftex
))
\Gin@req@height=\dimen126
\Gin@req@width=\dimen127
)
("C:\Users\Gabriel\AppData\Local\Programs\MiKTeX 2.9\tex\latex\pgf\systemlayer\
pgfsys.sty"
("C:\Users\Gabriel\AppData\Local\Programs\MiKTeX 2.9\tex\latex\pgf\utilities\pg
frcs.sty"
("C:\Users\Gabriel\AppData\Local\Programs\MiKTeX 2.9\tex\generic\pgf\utilities\
pgfutil-common.tex"
\pgfutil@everybye=\toks16
\pgfutil@tempdima=\dimen128
\pgfutil@tempdimb=\dimen129

("C:\Users\Gabriel\AppData\Local\Programs\MiKTeX 2.9\tex\generic\pgf\utilities\
pgfutil-common-lists.tex"))
("C:\Users\Gabriel\AppData\Local\Programs\MiKTeX 2.9\tex\generic\pgf\utilities\
pgfutil-latex.def"
\pgfutil@abb=\box34

("C:\Users\Gabriel\AppData\Local\Programs\MiKTeX 2.9\tex\latex\ms\everyshi.sty"
Package: everyshi 2001/05/15 v3.00 EveryShipout Package (MS)
))
("C:\Users\Gabriel\AppData\Local\Programs\MiKTeX 2.9\tex\generic\pgf\utilities\
pgfrcs.code.tex"
Package: pgfrcs 2015/08/07 v3.0.1a (rcs-revision 1.31)
))
("C:\Users\Gabriel\AppData\Local\Programs\MiKTeX 2.9\tex\generic\pgf\systemlaye
r\pgfsys.code.tex"
Package: pgfsys 2014/07/09 v3.0.1a (rcs-revision 1.48)

("C:\Users\Gabriel\AppData\Local\Programs\MiKTeX 2.9\tex\generic\pgf\utilities\
pgfkeys.code.tex"
\pgfkeys@pathtoks=\toks17
\pgfkeys@temptoks=\toks18

("C:\Users\Gabriel\AppData\Local\Programs\MiKTeX 2.9\tex\generic\pgf\utilities\
pgfkeysfiltered.code.tex"
\pgfkeys@tmptoks=\toks19
))
\pgf@x=\dimen130
\pgf@y=\dimen131
\pgf@xa=\dimen132
\pgf@ya=\dimen133
\pgf@xb=\dimen134
\pgf@yb=\dimen135
\pgf@xc=\dimen136
\pgf@yc=\dimen137
\w@pgf@writea=\write3
\r@pgf@reada=\read1
\c@pgf@counta=\count108
\c@pgf@countb=\count109
\c@pgf@countc=\count110
\c@pgf@countd=\count111
\t@pgf@toka=\toks20
\t@pgf@tokb=\toks21
\t@pgf@tokc=\toks22

("C:\Users\Gabriel\AppData\Local\Programs\MiKTeX 2.9\tex\generic\pgf\systemlaye
r\pgf.cfg"
File: pgf.cfg 2008/05/14  (rcs-revision 1.7)
)
Driver file for pgf: pgfsys-pdftex.def

("C:\Users\Gabriel\AppData\Local\Programs\MiKTeX 2.9\tex\generic\pgf\systemlaye
r\pgfsys-pdftex.def"
File: pgfsys-pdftex.def 2014/10/11  (rcs-revision 1.35)

("C:\Users\Gabriel\AppData\Local\Programs\MiKTeX 2.9\tex\generic\pgf\systemlaye
r\pgfsys-common-pdf.def"
File: pgfsys-common-pdf.def 2013/10/10  (rcs-revision 1.13)
)))
("C:\Users\Gabriel\AppData\Local\Programs\MiKTeX 2.9\tex\generic\pgf\systemlaye
r\pgfsyssoftpath.code.tex"
File: pgfsyssoftpath.code.tex 2013/09/09  (rcs-revision 1.9)
\pgfsyssoftpath@smallbuffer@items=\count112
\pgfsyssoftpath@bigbuffer@items=\count113
)
("C:\Users\Gabriel\AppData\Local\Programs\MiKTeX 2.9\tex\generic\pgf\systemlaye
r\pgfsysprotocol.code.tex"
File: pgfsysprotocol.code.tex 2006/10/16  (rcs-revision 1.4)
))
("C:\Users\Gabriel\AppData\Local\Programs\MiKTeX 2.9\tex\latex\xcolor\xcolor.st
y"
Package: xcolor 2016/05/11 v2.12 LaTeX color extensions (UK)

("C:\Users\Gabriel\AppData\Local\Programs\MiKTeX 2.9\tex\latex\graphics-cfg\col
or.cfg"
File: color.cfg 2016/01/02 v1.6 sample color configuration
)
Package xcolor Info: Driver file: pdftex.def on input line 225.
Package xcolor Info: Model `cmy' substituted by `cmy0' on input line 1348.
Package xcolor Info: Model `hsb' substituted by `rgb' on input line 1352.
Package xcolor Info: Model `RGB' extended on input line 1364.
Package xcolor Info: Model `HTML' substituted by `rgb' on input line 1366.
Package xcolor Info: Model `Hsb' substituted by `hsb' on input line 1367.
Package xcolor Info: Model `tHsb' substituted by `hsb' on input line 1368.
Package xcolor Info: Model `HSB' substituted by `hsb' on input line 1369.
Package xcolor Info: Model `Gray' substituted by `gray' on input line 1370.
Package xcolor Info: Model `wave' substituted by `hsb' on input line 1371.
)
("C:\Users\Gabriel\AppData\Local\Programs\MiKTeX 2.9\tex\generic\pgf\basiclayer
\pgfcore.code.tex"
Package: pgfcore 2010/04/11 v3.0.1a (rcs-revision 1.7)

("C:\Users\Gabriel\AppData\Local\Programs\MiKTeX 2.9\tex\generic\pgf\math\pgfma
th.code.tex"
("C:\Users\Gabriel\AppData\Local\Programs\MiKTeX 2.9\tex\generic\pgf\math\pgfma
thcalc.code.tex"
("C:\Users\Gabriel\AppData\Local\Programs\MiKTeX 2.9\tex\generic\pgf\math\pgfma
thutil.code.tex")
("C:\Users\Gabriel\AppData\Local\Programs\MiKTeX 2.9\tex\generic\pgf\math\pgfma
thparser.code.tex"
\pgfmath@dimen=\dimen138
\pgfmath@count=\count114
\pgfmath@box=\box35
\pgfmath@toks=\toks23
\pgfmath@stack@operand=\toks24
\pgfmath@stack@operation=\toks25
)
("C:\Users\Gabriel\AppData\Local\Programs\MiKTeX 2.9\tex\generic\pgf\math\pgfma
thfunctions.code.tex"
("C:\Users\Gabriel\AppData\Local\Programs\MiKTeX 2.9\tex\generic\pgf\math\pgfma
thfunctions.basic.code.tex")
("C:\Users\Gabriel\AppData\Local\Programs\MiKTeX 2.9\tex\generic\pgf\math\pgfma
thfunctions.trigonometric.code.tex")
("C:\Users\Gabriel\AppData\Local\Programs\MiKTeX 2.9\tex\generic\pgf\math\pgfma
thfunctions.random.code.tex")
("C:\Users\Gabriel\AppData\Local\Programs\MiKTeX 2.9\tex\generic\pgf\math\pgfma
thfunctions.comparison.code.tex")
("C:\Users\Gabriel\AppData\Local\Programs\MiKTeX 2.9\tex\generic\pgf\math\pgfma
thfunctions.base.code.tex")
("C:\Users\Gabriel\AppData\Local\Programs\MiKTeX 2.9\tex\generic\pgf\math\pgfma
thfunctions.round.code.tex")
("C:\Users\Gabriel\AppData\Local\Programs\MiKTeX 2.9\tex\generic\pgf\math\pgfma
thfunctions.misc.code.tex")
("C:\Users\Gabriel\AppData\Local\Programs\MiKTeX 2.9\tex\generic\pgf\math\pgfma
thfunctions.integerarithmetics.code.tex")))
("C:\Users\Gabriel\AppData\Local\Programs\MiKTeX 2.9\tex\generic\pgf\math\pgfma
thfloat.code.tex"
\c@pgfmathroundto@lastzeros=\count115
))
("C:\Users\Gabriel\AppData\Local\Programs\MiKTeX 2.9\tex\generic\pgf\basiclayer
\pgfcorepoints.code.tex"
File: pgfcorepoints.code.tex 2013/10/07  (rcs-revision 1.27)
\pgf@picminx=\dimen139
\pgf@picmaxx=\dimen140
\pgf@picminy=\dimen141
\pgf@picmaxy=\dimen142
\pgf@pathminx=\dimen143
\pgf@pathmaxx=\dimen144
\pgf@pathminy=\dimen145
\pgf@pathmaxy=\dimen146
\pgf@xx=\dimen147
\pgf@xy=\dimen148
\pgf@yx=\dimen149
\pgf@yy=\dimen150
\pgf@zx=\dimen151
\pgf@zy=\dimen152
)
("C:\Users\Gabriel\AppData\Local\Programs\MiKTeX 2.9\tex\generic\pgf\basiclayer
\pgfcorepathconstruct.code.tex"
File: pgfcorepathconstruct.code.tex 2013/10/07  (rcs-revision 1.29)
\pgf@path@lastx=\dimen153
\pgf@path@lasty=\dimen154
)
("C:\Users\Gabriel\AppData\Local\Programs\MiKTeX 2.9\tex\generic\pgf\basiclayer
\pgfcorepathusage.code.tex"
File: pgfcorepathusage.code.tex 2014/11/02  (rcs-revision 1.24)
\pgf@shorten@end@additional=\dimen155
\pgf@shorten@start@additional=\dimen156
)
("C:\Users\Gabriel\AppData\Local\Programs\MiKTeX 2.9\tex\generic\pgf\basiclayer
\pgfcorescopes.code.tex"
File: pgfcorescopes.code.tex 2015/05/08  (rcs-revision 1.46)
\pgfpic=\box36
\pgf@hbox=\box37
\pgf@layerbox@main=\box38
\pgf@picture@serial@count=\count116
)
("C:\Users\Gabriel\AppData\Local\Programs\MiKTeX 2.9\tex\generic\pgf\basiclayer
\pgfcoregraphicstate.code.tex"
File: pgfcoregraphicstate.code.tex 2014/11/02  (rcs-revision 1.12)
\pgflinewidth=\dimen157
)
("C:\Users\Gabriel\AppData\Local\Programs\MiKTeX 2.9\tex\generic\pgf\basiclayer
\pgfcoretransformations.code.tex"
File: pgfcoretransformations.code.tex 2015/08/07  (rcs-revision 1.20)
\pgf@pt@x=\dimen158
\pgf@pt@y=\dimen159
\pgf@pt@temp=\dimen160
)
("C:\Users\Gabriel\AppData\Local\Programs\MiKTeX 2.9\tex\generic\pgf\basiclayer
\pgfcorequick.code.tex"
File: pgfcorequick.code.tex 2008/10/09  (rcs-revision 1.3)
)
("C:\Users\Gabriel\AppData\Local\Programs\MiKTeX 2.9\tex\generic\pgf\basiclayer
\pgfcoreobjects.code.tex"
File: pgfcoreobjects.code.tex 2006/10/11  (rcs-revision 1.2)
)
("C:\Users\Gabriel\AppData\Local\Programs\MiKTeX 2.9\tex\generic\pgf\basiclayer
\pgfcorepathprocessing.code.tex"
File: pgfcorepathprocessing.code.tex 2013/09/09  (rcs-revision 1.9)
)
("C:\Users\Gabriel\AppData\Local\Programs\MiKTeX 2.9\tex\generic\pgf\basiclayer
\pgfcorearrows.code.tex"
File: pgfcorearrows.code.tex 2015/05/14  (rcs-revision 1.43)
\pgfarrowsep=\dimen161
)
("C:\Users\Gabriel\AppData\Local\Programs\MiKTeX 2.9\tex\generic\pgf\basiclayer
\pgfcoreshade.code.tex"
File: pgfcoreshade.code.tex 2013/07/15  (rcs-revision 1.15)
\pgf@max=\dimen162
\pgf@sys@shading@range@num=\count117
)
("C:\Users\Gabriel\AppData\Local\Programs\MiKTeX 2.9\tex\generic\pgf\basiclayer
\pgfcoreimage.code.tex"
File: pgfcoreimage.code.tex 2013/07/15  (rcs-revision 1.18)

("C:\Users\Gabriel\AppData\Local\Programs\MiKTeX 2.9\tex\generic\pgf\basiclayer
\pgfcoreexternal.code.tex"
File: pgfcoreexternal.code.tex 2014/07/09  (rcs-revision 1.21)
\pgfexternal@startupbox=\box39
))
("C:\Users\Gabriel\AppData\Local\Programs\MiKTeX 2.9\tex\generic\pgf\basiclayer
\pgfcorelayers.code.tex"
File: pgfcorelayers.code.tex 2013/07/18  (rcs-revision 1.7)
)
("C:\Users\Gabriel\AppData\Local\Programs\MiKTeX 2.9\tex\generic\pgf\basiclayer
\pgfcoretransparency.code.tex"
File: pgfcoretransparency.code.tex 2013/09/30  (rcs-revision 1.5)
)
("C:\Users\Gabriel\AppData\Local\Programs\MiKTeX 2.9\tex\generic\pgf\basiclayer
\pgfcorepatterns.code.tex"
File: pgfcorepatterns.code.tex 2013/11/07  (rcs-revision 1.5)
)))
("C:\Users\Gabriel\AppData\Local\Programs\MiKTeX 2.9\tex\latex\pgf\utilities\xx
color.sty"
Package: xxcolor 2003/10/24 ver 0.1
\XC@nummixins=\count118
\XC@countmixins=\count119
)
("C:\Users\Gabriel\AppData\Local\Programs\MiKTeX 2.9\tex\generic\oberdiek\atbeg
shi.sty"
Package: atbegshi 2016/06/09 v1.18 At begin shipout hook (HO)

("C:\Users\Gabriel\AppData\Local\Programs\MiKTeX 2.9\tex\generic\oberdiek\infwa
rerr.sty"
Package: infwarerr 2016/05/16 v1.4 Providing info/warning/error messages (HO)
)
("C:\Users\Gabriel\AppData\Local\Programs\MiKTeX 2.9\tex\generic\oberdiek\ltxcm
ds.sty"
Package: ltxcmds 2016/05/16 v1.23 LaTeX kernel commands for general use (HO)
))
("C:\Users\Gabriel\AppData\Local\Programs\MiKTeX 2.9\tex\latex\hyperref\hyperre
f.sty"
Package: hyperref 2018/02/06 v6.86b Hypertext links for LaTeX

("C:\Users\Gabriel\AppData\Local\Programs\MiKTeX 2.9\tex\generic\oberdiek\hobsu
b-hyperref.sty"
Package: hobsub-hyperref 2016/05/16 v1.14 Bundle oberdiek, subset hyperref (HO)


("C:\Users\Gabriel\AppData\Local\Programs\MiKTeX 2.9\tex\generic\oberdiek\hobsu
b-generic.sty"
Package: hobsub-generic 2016/05/16 v1.14 Bundle oberdiek, subset generic (HO)
Package: hobsub 2016/05/16 v1.14 Construct package bundles (HO)
Package hobsub Info: Skipping package `infwarerr' (already loaded).
Package hobsub Info: Skipping package `ltxcmds' (already loaded).
Package: ifluatex 2016/05/16 v1.4 Provides the ifluatex switch (HO)
Package ifluatex Info: LuaTeX not detected.
Package hobsub Info: Skipping package `ifvtex' (already loaded).
Package: intcalc 2016/05/16 v1.2 Expandable calculations with integers (HO)
Package hobsub Info: Skipping package `ifpdf' (already loaded).
Package: etexcmds 2016/05/16 v1.6 Avoid name clashes with e-TeX commands (HO)
Package etexcmds Info: Could not find \expanded.
(etexcmds)             That can mean that you are not using pdfTeX 1.50 or
(etexcmds)             that some package has redefined \expanded.
(etexcmds)             In the latter case, load this package earlier.
Package: kvsetkeys 2016/05/16 v1.17 Key value parser (HO)
Package: kvdefinekeys 2016/05/16 v1.4 Define keys (HO)
Package: pdftexcmds 2018/01/30 v0.27 Utility functions of pdfTeX for LuaTeX (HO
)
Package pdftexcmds Info: LuaTeX not detected.
Package pdftexcmds Info: \pdf@primitive is available.
Package pdftexcmds Info: \pdf@ifprimitive is available.
Package pdftexcmds Info: \pdfdraftmode found.
Package: pdfescape 2016/05/16 v1.14 Implements pdfTeX's escape features (HO)
Package: bigintcalc 2016/05/16 v1.4 Expandable calculations on big integers (HO
)
Package: bitset 2016/05/16 v1.2 Handle bit-vector datatype (HO)
Package: uniquecounter 2016/05/16 v1.3 Provide unlimited unique counter (HO)
)
Package hobsub Info: Skipping package `hobsub' (already loaded).
Package: letltxmacro 2016/05/16 v1.5 Let assignment for LaTeX macros (HO)
Package: hopatch 2016/05/16 v1.3 Wrapper for package hooks (HO)
Package: xcolor-patch 2016/05/16 xcolor patch
Package: atveryend 2016/05/16 v1.9 Hooks at the very end of document (HO)
Package hobsub Info: Skipping package `atbegshi' (already loaded).
Package: refcount 2016/05/16 v3.5 Data extraction from label references (HO)
Package: hycolor 2016/05/16 v1.8 Color options for hyperref/bookmark (HO)
)
("C:\Users\Gabriel\AppData\Local\Programs\MiKTeX 2.9\tex\latex\oberdiek\auxhook
.sty"
Package: auxhook 2016/05/16 v1.4 Hooks for auxiliary files (HO)
)
("C:\Users\Gabriel\AppData\Local\Programs\MiKTeX 2.9\tex\latex\oberdiek\kvoptio
ns.sty"
Package: kvoptions 2016/05/16 v3.12 Key value format for package options (HO)
)
\@linkdim=\dimen163
\Hy@linkcounter=\count120
\Hy@pagecounter=\count121

("C:\Users\Gabriel\AppData\Local\Programs\MiKTeX 2.9\tex\latex\hyperref\pd1enc.
def"
File: pd1enc.def 2018/02/06 v6.86b Hyperref: PDFDocEncoding definition (HO)
Now handling font encoding PD1 ...
... no UTF-8 mapping file for font encoding PD1
)
\Hy@SavedSpaceFactor=\count122

("C:\Users\Gabriel\AppData\Local\Programs\MiKTeX 2.9\tex\latex\00miktex\hyperre
f.cfg"
File: hyperref.cfg 2002/06/06 v1.2 hyperref configuration of TeXLive
)
Package hyperref Info: Option `bookmarks' set `true' on input line 4383.
Package hyperref Info: Option `bookmarksopen' set `true' on input line 4383.
Package hyperref Info: Option `implicit' set `false' on input line 4383.
Package hyperref Info: Hyper figures OFF on input line 4509.
Package hyperref Info: Link nesting OFF on input line 4514.
Package hyperref Info: Hyper index ON on input line 4517.
Package hyperref Info: Plain pages OFF on input line 4524.
Package hyperref Info: Backreferencing OFF on input line 4529.
Package hyperref Info: Implicit mode OFF; no redefinition of LaTeX internals.
Package hyperref Info: Bookmarks ON on input line 4762.
\c@Hy@tempcnt=\count123

("C:\Users\Gabriel\AppData\Local\Programs\MiKTeX 2.9\tex\latex\url\url.sty"
\Urlmuskip=\muskip10
Package: url 2013/09/16  ver 3.4  Verb mode for urls, etc.
)
LaTeX Info: Redefining \url on input line 5115.
\XeTeXLinkMargin=\dimen164
\Fld@menulength=\count124
\Field@Width=\dimen165
\Fld@charsize=\dimen166
Package hyperref Info: Hyper figures OFF on input line 6369.
Package hyperref Info: Link nesting OFF on input line 6374.
Package hyperref Info: Hyper index ON on input line 6377.
Package hyperref Info: backreferencing OFF on input line 6384.
Package hyperref Info: Link coloring OFF on input line 6389.
Package hyperref Info: Link coloring with OCG OFF on input line 6394.
Package hyperref Info: PDF/A mode OFF on input line 6399.
LaTeX Info: Redefining \ref on input line 6439.
LaTeX Info: Redefining \pageref on input line 6443.
\Hy@abspage=\count125


Package hyperref Message: Stopped early.

)
Package hyperref Info: Driver (autodetected): hpdftex.

("C:\Users\Gabriel\AppData\Local\Programs\MiKTeX 2.9\tex\latex\hyperref\hpdftex
.def"
File: hpdftex.def 2018/02/06 v6.86b Hyperref driver for pdfTeX
\Fld@listcount=\count126
\c@bookmark@seq@number=\count127

("C:\Users\Gabriel\AppData\Local\Programs\MiKTeX 2.9\tex\latex\oberdiek\rerunfi
lecheck.sty"
Package: rerunfilecheck 2016/05/16 v1.8 Rerun checks for auxiliary files (HO)
Package uniquecounter Info: New unique counter `rerunfilecheck' on input line 2
82.
))
("C:\Users\Gabriel\AppData\Local\Programs\MiKTeX 2.9\tex\latex\beamer\beamerbas
erequires.sty"
("C:\Users\Gabriel\AppData\Local\Programs\MiKTeX 2.9\tex\latex\beamer\beamerbas
ecompatibility.sty")
("C:\Users\Gabriel\AppData\Local\Programs\MiKTeX 2.9\tex\latex\beamer\beamerbas
efont.sty"
("C:\Users\Gabriel\AppData\Local\Programs\MiKTeX 2.9\tex\latex\amsfonts\amssymb
.sty"
Package: amssymb 2013/01/14 v3.01 AMS font symbols

("C:\Users\Gabriel\AppData\Local\Programs\MiKTeX 2.9\tex\latex\amsfonts\amsfont
s.sty"
Package: amsfonts 2013/01/14 v3.01 Basic AMSFonts support
\@emptytoks=\toks26
\symAMSa=\mathgroup4
\symAMSb=\mathgroup5
LaTeX Font Info:    Overwriting math alphabet `\mathfrak' in version `bold'
(Font)                  U/euf/m/n --> U/euf/b/n on input line 106.
))
("C:\Users\Gabriel\AppData\Local\Programs\MiKTeX 2.9\tex\latex\sansmathaccent\s
ansmathaccent.sty"
Package: sansmathaccent 2013/03/28

("C:\Users\Gabriel\AppData\Local\Programs\MiKTeX 2.9\tex\latex\filehook\filehoo
k.sty"
Package: filehook 2011/10/12 v0.5d Hooks for input files
)))
("C:\Users\Gabriel\AppData\Local\Programs\MiKTeX 2.9\tex\latex\beamer\beamerbas
etranslator.sty"
("C:\Users\Gabriel\AppData\Local\Programs\MiKTeX 2.9\tex\latex\translator\trans
lator.sty"
Package: translator 2018/01/04 v1.12 Easy translation of strings in LaTeX
))
("C:\Users\Gabriel\AppData\Local\Programs\MiKTeX 2.9\tex\latex\beamer\beamerbas
emisc.sty")
("C:\Users\Gabriel\AppData\Local\Programs\MiKTeX 2.9\tex\latex\beamer\beamerbas
etwoscreens.sty")
("C:\Users\Gabriel\AppData\Local\Programs\MiKTeX 2.9\tex\latex\beamer\beamerbas
eoverlay.sty"
\beamer@argscount=\count128
\beamer@lastskipcover=\skip44
\beamer@trivlistdepth=\count129
)
("C:\Users\Gabriel\AppData\Local\Programs\MiKTeX 2.9\tex\latex\beamer\beamerbas
etitle.sty")
("C:\Users\Gabriel\AppData\Local\Programs\MiKTeX 2.9\tex\latex\beamer\beamerbas
esection.sty"
\c@lecture=\count130
\c@part=\count131
\c@section=\count132
\c@subsection=\count133
\c@subsubsection=\count134
)
("C:\Users\Gabriel\AppData\Local\Programs\MiKTeX 2.9\tex\latex\beamer\beamerbas
eframe.sty"
\beamer@framebox=\box40
\beamer@frametitlebox=\box41
\beamer@zoombox=\box42
\beamer@zoomcount=\count135
\beamer@zoomframecount=\count136
\beamer@frametextheight=\dimen167
\c@subsectionslide=\count137
\beamer@frametopskip=\skip45
\beamer@framebottomskip=\skip46
\beamer@frametopskipautobreak=\skip47
\beamer@framebottomskipautobreak=\skip48
\beamer@envbody=\toks27
\framewidth=\dimen168
\c@framenumber=\count138
)
("C:\Users\Gabriel\AppData\Local\Programs\MiKTeX 2.9\tex\latex\beamer\beamerbas
everbatim.sty"
\beamer@verbatimfileout=\write4
)
("C:\Users\Gabriel\AppData\Local\Programs\MiKTeX 2.9\tex\latex\beamer\beamerbas
eframesize.sty"
\beamer@splitbox=\box43
\beamer@autobreakcount=\count139
\beamer@autobreaklastheight=\dimen169
\beamer@frametitletoks=\toks28
\beamer@framesubtitletoks=\toks29
)
("C:\Users\Gabriel\AppData\Local\Programs\MiKTeX 2.9\tex\latex\beamer\beamerbas
eframecomponents.sty"
\beamer@footins=\box44
)
("C:\Users\Gabriel\AppData\Local\Programs\MiKTeX 2.9\tex\latex\beamer\beamerbas
ecolor.sty")
("C:\Users\Gabriel\AppData\Local\Programs\MiKTeX 2.9\tex\latex\beamer\beamerbas
enotes.sty"
\beamer@frameboxcopy=\box45
)
("C:\Users\Gabriel\AppData\Local\Programs\MiKTeX 2.9\tex\latex\beamer\beamerbas
etoc.sty")
("C:\Users\Gabriel\AppData\Local\Programs\MiKTeX 2.9\tex\latex\beamer\beamerbas
etemplates.sty"
\beamer@sbttoks=\toks30

("C:\Users\Gabriel\AppData\Local\Programs\MiKTeX 2.9\tex\latex\beamer\beamerbas
eauxtemplates.sty"
("C:\Users\Gabriel\AppData\Local\Programs\MiKTeX 2.9\tex\latex\beamer\beamerbas
eboxes.sty"
\bmb@box=\box46
\bmb@colorbox=\box47
\bmb@boxshadow=\box48
\bmb@boxshadowball=\box49
\bmb@boxshadowballlarge=\box50
\bmb@temp=\dimen170
\bmb@dima=\dimen171
\bmb@dimb=\dimen172
\bmb@prevheight=\dimen173
)
\beamer@blockheadheight=\dimen174
))
("C:\Users\Gabriel\AppData\Local\Programs\MiKTeX 2.9\tex\latex\beamer\beamerbas
elocalstructure.sty"
("C:\Users\Gabriel\AppData\Local\Programs\MiKTeX 2.9\tex\latex\tools\enumerate.
sty"
Package: enumerate 2015/07/23 v3.00 enumerate extensions (DPC)
\@enLab=\toks31
)
\c@figure=\count140
\c@table=\count141
\abovecaptionskip=\skip49
\belowcaptionskip=\skip50
)
("C:\Users\Gabriel\AppData\Local\Programs\MiKTeX 2.9\tex\latex\beamer\beamerbas
enavigation.sty"
\beamer@section@min@dim=\dimen175
)
("C:\Users\Gabriel\AppData\Local\Programs\MiKTeX 2.9\tex\latex\beamer\beamerbas
etheorems.sty"
("C:\Users\Gabriel\AppData\Local\Programs\MiKTeX 2.9\tex\latex\amsmath\amsmath.
sty"
Package: amsmath 2017/09/02 v2.17a AMS math features
\@mathmargin=\skip51

For additional information on amsmath, use the `?' option.

("C:\Users\Gabriel\AppData\Local\Programs\MiKTeX 2.9\tex\latex\amsmath\amstext.
sty"
Package: amstext 2000/06/29 v2.01 AMS text

("C:\Users\Gabriel\AppData\Local\Programs\MiKTeX 2.9\tex\latex\amsmath\amsgen.s
ty"
File: amsgen.sty 1999/11/30 v2.0 generic functions
\@emptytoks=\toks32
\ex@=\dimen176
))
("C:\Users\Gabriel\AppData\Local\Programs\MiKTeX 2.9\tex\latex\amsmath\amsbsy.s
ty"
Package: amsbsy 1999/11/29 v1.2d Bold Symbols
\pmbraise@=\dimen177
)
("C:\Users\Gabriel\AppData\Local\Programs\MiKTeX 2.9\tex\latex\amsmath\amsopn.s
ty"
Package: amsopn 2016/03/08 v2.02 operator names
)
\inf@bad=\count142
LaTeX Info: Redefining \frac on input line 213.
\uproot@=\count143
\leftroot@=\count144
LaTeX Info: Redefining \overline on input line 375.
\classnum@=\count145
\DOTSCASE@=\count146
LaTeX Info: Redefining \ldots on input line 472.
LaTeX Info: Redefining \dots on input line 475.
LaTeX Info: Redefining \cdots on input line 596.
\Mathstrutbox@=\box51
\strutbox@=\box52
\big@size=\dimen178
LaTeX Font Info:    Redeclaring font encoding OML on input line 712.
LaTeX Font Info:    Redeclaring font encoding OMS on input line 713.
\macc@depth=\count147
\c@MaxMatrixCols=\count148
\dotsspace@=\muskip11
\c@parentequation=\count149
\dspbrk@lvl=\count150
\tag@help=\toks33
\row@=\count151
\column@=\count152
\maxfields@=\count153
\andhelp@=\toks34
\eqnshift@=\dimen179
\alignsep@=\dimen180
\tagshift@=\dimen181
\tagwidth@=\dimen182
\totwidth@=\dimen183
\lineht@=\dimen184
\@envbody=\toks35
\multlinegap=\skip52
\multlinetaggap=\skip53
\mathdisplay@stack=\toks36
LaTeX Info: Redefining \[ on input line 2817.
LaTeX Info: Redefining \] on input line 2818.
)
("C:\Users\Gabriel\AppData\Local\Programs\MiKTeX 2.9\tex\latex\amscls\amsthm.st
y"
Package: amsthm 2017/10/31 v2.20.4
\thm@style=\toks37
\thm@bodyfont=\toks38
\thm@headfont=\toks39
\thm@notefont=\toks40
\thm@headpunct=\toks41
\thm@preskip=\skip54
\thm@postskip=\skip55
\thm@headsep=\skip56
\dth@everypar=\toks42
)
\c@theorem=\count154
)
("C:\Users\Gabriel\AppData\Local\Programs\MiKTeX 2.9\tex\latex\beamer\beamerbas
ethemes.sty"))
("C:\Users\Gabriel\AppData\Local\Programs\MiKTeX 2.9\tex\latex\beamer\beamerthe
medefault.sty"
("C:\Users\Gabriel\AppData\Local\Programs\MiKTeX 2.9\tex\latex\beamer\beamerfon
tthemedefault.sty")
("C:\Users\Gabriel\AppData\Local\Programs\MiKTeX 2.9\tex\latex\beamer\beamercol
orthemedefault.sty")
("C:\Users\Gabriel\AppData\Local\Programs\MiKTeX 2.9\tex\latex\beamer\beamerinn
erthemedefault.sty"
\beamer@dima=\dimen185
\beamer@dimb=\dimen186
)
("C:\Users\Gabriel\AppData\Local\Programs\MiKTeX 2.9\tex\latex\beamer\beamerout
erthemedefault.sty")))
("C:\Users\Gabriel\AppData\Local\Programs\MiKTeX 2.9\tex\generic\babel\babel.st
y"
Package: babel 2018/06/05 3.22 The Babel package

("C:\Users\Gabriel\AppData\Local\Programs\MiKTeX 2.9\tex\generic\babel\switch.d
ef"
File: switch.def 2018/06/05 3.22 Babel switching mechanism
)
*************************************
* Local config file bblopts.cfg used
*

("C:\Users\Gabriel\AppData\Local\Programs\MiKTeX 2.9\tex\latex\arabi\bblopts.cf
g"
File: bblopts.cfg 2005/09/08 v0.1 add Arabic and Farsi to "declared" options of
 babel
)
("C:\Users\Gabriel\AppData\Local\Programs\MiKTeX 2.9\tex\latex\babel-portuges\p
ortuges.ldf"
Language: portuges 2008/03/18 v1.2q Portuguese support from the babel system

("C:\Users\Gabriel\AppData\Local\Programs\MiKTeX 2.9\tex\generic\babel\babel.de
f"
File: babel.def 2018/06/05 3.22 Babel common definitions
\babel@savecnt=\count155
\U@D=\dimen187

("C:\Users\Gabriel\AppData\Local\Programs\MiKTeX 2.9\tex\generic\babel\txtbabel
.def")
LaTeX Info: Redefining \textlatin on input line 1915.
\bbl@dirlevel=\count156
)
\l@brazilian = a dialect from \language\l@portuges 
Package babel Info: Making " an active character on input line 145.
))
("C:\Users\Gabriel\AppData\Local\Programs\MiKTeX 2.9\tex\latex\base\inputenc.st
y"
Package: inputenc 2018/04/06 v1.3b Input encoding file
\inpenc@prehook=\toks43
\inpenc@posthook=\toks44
)
("C:\Users\Gabriel\AppData\Local\Programs\MiKTeX 2.9\tex\latex\base\fontenc.sty
"
Package: fontenc 2017/04/05 v2.0i Standard LaTeX package
 ("C:\Users\Gabriel\AppData\Local\Programs\MiKTeX 2.9\tex\latex\base\t1enc.def"
File: t1enc.def 2017/04/05 v2.0i Standard LaTeX file
LaTeX Font Info:    Redeclaring font encoding T1 on input line 48.
))
("C:\Users\Gabriel\AppData\Local\Programs\MiKTeX 2.9\tex\latex\beamer\beamerthe
mesplit.sty"
("C:\Users\Gabriel\AppData\Local\Programs\MiKTeX 2.9\tex\latex\beamer\beamercol
orthemewhale.sty")
("C:\Users\Gabriel\AppData\Local\Programs\MiKTeX 2.9\tex\latex\beamer\beamerout
erthemesplit.sty")
("C:\Users\Gabriel\AppData\Local\Programs\MiKTeX 2.9\tex\latex\beamer\beamerfon
tthemestructurebold.sty"))
("C:\Users\Gabriel\AppData\Local\Programs\MiKTeX 2.9\tex\latex\advdate\advdate.
sty"
Package: advdate 1996/10/20 Advance Date Package
\r@k=\count157
\un@r=\count158
\m@l=\count159
\m@s=\count160
\M@s=\count161
)

Package hyperref Warning: Token not allowed in a PDF string (PDFDocEncoding):
(hyperref)                removing `\\' on input line 13.

(beamer.aux)
\openout1 = `beamer.aux'.

LaTeX Font Info:    Checking defaults for OML/cmm/m/it on input line 18.
LaTeX Font Info:    ... okay on input line 18.
LaTeX Font Info:    Checking defaults for T1/cmr/m/n on input line 18.
LaTeX Font Info:    ... okay on input line 18.
LaTeX Font Info:    Checking defaults for OT1/cmr/m/n on input line 18.
LaTeX Font Info:    ... okay on input line 18.
LaTeX Font Info:    Checking defaults for OMS/cmsy/m/n on input line 18.
LaTeX Font Info:    ... okay on input line 18.
LaTeX Font Info:    Checking defaults for OMX/cmex/m/n on input line 18.
LaTeX Font Info:    ... okay on input line 18.
LaTeX Font Info:    Checking defaults for U/cmr/m/n on input line 18.
LaTeX Font Info:    ... okay on input line 18.
LaTeX Font Info:    Checking defaults for PD1/pdf/m/n on input line 18.
LaTeX Font Info:    ... okay on input line 18.

*geometry* driver: auto-detecting
*geometry* detected driver: pdftex
*geometry* verbose mode - [ preamble ] result:
* driver: pdftex
* paper: custom
* layout: <same size as paper>
* layoutoffset:(h,v)=(0.0pt,0.0pt)
* modes: includehead includefoot 
* h-part:(L,W,R)=(28.45274pt, 307.28987pt, 28.45274pt)
* v-part:(T,H,B)=(0.0pt, 273.14662pt, 0.0pt)
* \paperwidth=364.19536pt
* \paperheight=273.14662pt
* \textwidth=307.28987pt
* \textheight=244.6939pt
* \oddsidemargin=-43.81725pt
* \evensidemargin=-43.81725pt
* \topmargin=-72.26999pt
* \headheight=14.22636pt
* \headsep=0.0pt
* \topskip=9.0pt
* \footskip=14.22636pt
* \marginparwidth=4.0pt
* \marginparsep=10.0pt
* \columnsep=10.0pt
* \skip\footins=8.0pt plus 4.0pt minus 2.0pt
* \hoffset=0.0pt
* \voffset=0.0pt
* \mag=1000
* \@twocolumnfalse
* \@twosidefalse
* \@mparswitchfalse
* \@reversemarginfalse
* (1in=72.27pt=25.4mm, 1cm=28.453pt)


("C:\Users\Gabriel\AppData\Local\Programs\MiKTeX 2.9\tex\context\base\supp-pdf.
mkii"
[Loading MPS to PDF converter (version 2006.09.02).]
\scratchcounter=\count162
\scratchdimen=\dimen188
\scratchbox=\box53
\nofMPsegments=\count163
\nofMParguments=\count164
\everyMPshowfont=\toks45
\MPscratchCnt=\count165
\MPscratchDim=\dimen189
\MPnumerator=\count166
\makeMPintoPDFobject=\count167
\everyMPtoPDFconversion=\toks46
)
("C:\Users\Gabriel\AppData\Local\Programs\MiKTeX 2.9\tex\latex\oberdiek\epstopd
f-base.sty"
Package: epstopdf-base 2016/05/15 v2.6 Base part for package epstopdf

("C:\Users\Gabriel\AppData\Local\Programs\MiKTeX 2.9\tex\latex\oberdiek\grfext.
sty"
Package: grfext 2016/05/16 v1.2 Manage graphics extensions (HO)
)
Package epstopdf-base Info: Redefining graphics rule for `.eps' on input line 4
38.
Package grfext Info: Graphics extension search list:
(grfext)             [.pdf,.png,.jpg,.mps,.jpeg,.jbig2,.jb2,.PDF,.PNG,.JPG,.JPE
G,.JBIG2,.JB2,.eps]
(grfext)             \AppendGraphicsExtensions on input line 456.
) ABD: EveryShipout initializing macros
\AtBeginShipoutBox=\box54
Package hyperref Info: Link coloring OFF on input line 18.

("C:\Users\Gabriel\AppData\Local\Programs\MiKTeX 2.9\tex\latex\hyperref\nameref
.sty"
Package: nameref 2016/05/21 v2.44 Cross-referencing by name of section

("C:\Users\Gabriel\AppData\Local\Programs\MiKTeX 2.9\tex\generic\oberdiek\getti
tlestring.sty"
Package: gettitlestring 2016/05/16 v1.5 Cleanup title references (HO)
)
\c@section@level=\count168
)
LaTeX Info: Redefining \ref on input line 18.
LaTeX Info: Redefining \pageref on input line 18.
LaTeX Info: Redefining \nameref on input line 18.
 (beamer.out) (beamer.out)
\@outlinefile=\write5
\openout5 = `beamer.out'.

LaTeX Font Info:    Overwriting symbol font `operators' in version `normal'
(Font)                  OT1/cmr/m/n --> OT1/cmss/m/n on input line 18.
LaTeX Font Info:    Overwriting symbol font `operators' in version `bold'
(Font)                  OT1/cmr/bx/n --> OT1/cmss/bx/n on input line 18.
\symnumbers=\mathgroup6
\sympureletters=\mathgroup7
LaTeX Font Info:    Overwriting math alphabet `\mathrm' in version `normal'
(Font)                  OT1/cmss/m/n --> T1/cmr/m/n on input line 18.
LaTeX Font Info:    Redeclaring math alphabet \mathbf on input line 18.
LaTeX Font Info:    Overwriting math alphabet `\mathbf' in version `normal'
(Font)                  OT1/cmr/bx/n --> T1/cmss/bx/n on input line 18.
LaTeX Font Info:    Overwriting math alphabet `\mathbf' in version `bold'
(Font)                  OT1/cmr/bx/n --> T1/cmss/bx/n on input line 18.
LaTeX Font Info:    Redeclaring math alphabet \mathsf on input line 18.
LaTeX Font Info:    Overwriting math alphabet `\mathsf' in version `normal'
(Font)                  OT1/cmss/m/n --> T1/cmss/m/n on input line 18.
LaTeX Font Info:    Overwriting math alphabet `\mathsf' in version `bold'
(Font)                  OT1/cmss/bx/n --> T1/cmss/m/n on input line 18.
LaTeX Font Info:    Redeclaring math alphabet \mathit on input line 18.
LaTeX Font Info:    Overwriting math alphabet `\mathit' in version `normal'
(Font)                  OT1/cmr/m/it --> T1/cmss/m/it on input line 18.
LaTeX Font Info:    Overwriting math alphabet `\mathit' in version `bold'
(Font)                  OT1/cmr/bx/it --> T1/cmss/m/it on input line 18.
LaTeX Font Info:    Redeclaring math alphabet \mathtt on input line 18.
LaTeX Font Info:    Overwriting math alphabet `\mathtt' in version `normal'
(Font)                  OT1/cmtt/m/n --> T1/cmtt/m/n on input line 18.
LaTeX Font Info:    Overwriting math alphabet `\mathtt' in version `bold'
(Font)                  OT1/cmtt/m/n --> T1/cmtt/m/n on input line 18.
LaTeX Font Info:    Overwriting symbol font `numbers' in version `bold'
(Font)                  T1/cmss/m/n --> T1/cmss/bx/n on input line 18.
LaTeX Font Info:    Overwriting symbol font `pureletters' in version `bold'
(Font)                  T1/cmss/m/it --> T1/cmss/bx/it on input line 18.
LaTeX Font Info:    Overwriting math alphabet `\mathrm' in version `bold'
(Font)                  OT1/cmss/bx/n --> T1/cmr/bx/n on input line 18.
LaTeX Font Info:    Overwriting math alphabet `\mathbf' in version `bold'
(Font)                  T1/cmss/bx/n --> T1/cmss/bx/n on input line 18.
LaTeX Font Info:    Overwriting math alphabet `\mathsf' in version `bold'
(Font)                  T1/cmss/m/n --> T1/cmss/bx/n on input line 18.
LaTeX Font Info:    Overwriting math alphabet `\mathit' in version `bold'
(Font)                  T1/cmss/m/it --> T1/cmss/bx/it on input line 18.
LaTeX Font Info:    Overwriting math alphabet `\mathtt' in version `bold'
(Font)                  T1/cmtt/m/n --> T1/cmtt/bx/n on input line 18.
LaTeX Font Info:    Redeclaring symbol font `pureletters' on input line 18.
LaTeX Font Info:    Encoding `T1' has changed to `OT1' for symbol font
(Font)              `pureletters' in the math version `normal' on input line 18
.
LaTeX Font Info:    Overwriting symbol font `pureletters' in version `normal'
(Font)                  T1/cmss/m/it --> OT1/mathkerncmss/m/sl on input line 18
.
LaTeX Font Info:    Encoding `T1' has changed to `OT1' for symbol font
(Font)              `pureletters' in the math version `bold' on input line 18.
LaTeX Font Info:    Overwriting symbol font `pureletters' in version `bold'
(Font)                  T1/cmss/bx/it --> OT1/mathkerncmss/m/sl on input line 1
8.
LaTeX Font Info:    Overwriting symbol font `pureletters' in version `bold'
(Font)                  OT1/mathkerncmss/m/sl --> OT1/mathkerncmss/bx/sl on inp
ut line 18.

("C:\Users\Gabriel\AppData\Local\Programs\MiKTeX 2.9\tex\latex\translator\trans
lator-basic-dictionary-English.dict"
Dictionary: translator-basic-dictionary, Language: English 
)
("C:\Users\Gabriel\AppData\Local\Programs\MiKTeX 2.9\tex\latex\translator\trans
lator-bibliography-dictionary-English.dict"
Dictionary: translator-bibliography-dictionary, Language: English 
)
("C:\Users\Gabriel\AppData\Local\Programs\MiKTeX 2.9\tex\latex\translator\trans
lator-environment-dictionary-English.dict"
Dictionary: translator-environment-dictionary, Language: English 
)
("C:\Users\Gabriel\AppData\Local\Programs\MiKTeX 2.9\tex\latex\translator\trans
lator-months-dictionary-English.dict"
Dictionary: translator-months-dictionary, Language: English 
)
("C:\Users\Gabriel\AppData\Local\Programs\MiKTeX 2.9\tex\latex\translator\trans
lator-numbers-dictionary-English.dict"
Dictionary: translator-numbers-dictionary, Language: English 
)
("C:\Users\Gabriel\AppData\Local\Programs\MiKTeX 2.9\tex\latex\translator\trans
lator-theorem-dictionary-English.dict"
Dictionary: translator-theorem-dictionary, Language: English 
) (beamer.nav)
Overfull \hbox (43.36487pt too wide) in paragraph at lines 18--18
 [][]  
 []


Overfull \hbox (33.66722pt too wide) in paragraph at lines 18--18
 [][][][] 
 []


Overfull \hbox (43.36487pt too wide) has occurred while \output is active
 [][]  
 []


Overfull \hbox (33.66722pt too wide) has occurred while \output is active
 [][][][] 
 []

[1{C:/Users/Gabriel/AppData/Local/MiKTeX/2.9/pdftex/config/pdftex.map}

]
Overfull \hbox (43.36487pt too wide) has occurred while \output is active
 [][]  
 []


Overfull \hbox (33.66722pt too wide) has occurred while \output is active
 [][][][] 
 []

[2

]
LaTeX Font Info:    Try loading font information for U+msa on input line 69.

("C:\Users\Gabriel\AppData\Local\Programs\MiKTeX 2.9\tex\latex\amsfonts\umsa.fd
"
File: umsa.fd 2013/01/14 v3.01 AMS symbols A
)
LaTeX Font Info:    Try loading font information for U+msb on input line 69.

("C:\Users\Gabriel\AppData\Local\Programs\MiKTeX 2.9\tex\latex\amsfonts\umsb.fd
"
File: umsb.fd 2013/01/14 v3.01 AMS symbols B
)
LaTeX Font Info:    Try loading font information for OT1+mathkerncmss on input 
line 69.

("C:\Users\Gabriel\AppData\Local\Programs\MiKTeX 2.9\tex\latex\sansmathaccent\o
t1mathkerncmss.fd"
File: ot1mathkerncmss.fd 2013/03/27 Fontinst v1.933 font definitions for OT1/ma
thkerncmss.
)
<imagens/campinorte.jpg, id=137, 222.8325pt x 213.79875pt>
File: imagens/campinorte.jpg Graphic file (type jpg)
<use imagens/campinorte.jpg>
Package pdftex.def Info: imagens/campinorte.jpg  used on input line 69.
(pdftex.def)             Requested size: 55.70798pt x 53.44955pt.

Overfull \vbox (0.67606pt too high) has occurred while \output is active []


Overfull \hbox (43.36487pt too wide) has occurred while \output is active
 [][]  
 []


Overfull \hbox (33.66722pt too wide) has occurred while \output is active
 [][][][] 
 []

[3

 <./imagens/campinorte.jpg>]
<imagens/milho.jpg, id=183, 682.55pt x 511.9125pt>
File: imagens/milho.jpg Graphic file (type jpg)
<use imagens/milho.jpg>
Package pdftex.def Info: imagens/milho.jpg  used on input line 89.
(pdftex.def)             Requested size: 102.37808pt x 76.78355pt.

Overfull \vbox (0.67606pt too high) has occurred while \output is active []


Overfull \hbox (43.36487pt too wide) has occurred while \output is active
 [][]  
 []


Overfull \hbox (33.66722pt too wide) has occurred while \output is active
 [][][][] 
 []

[4

 <./imagens/milho.jpg>]
Overfull \vbox (0.67606pt too high) has occurred while \output is active []


Overfull \hbox (43.36487pt too wide) has occurred while \output is active
 [][]  
 []


Overfull \hbox (33.66722pt too wide) has occurred while \output is active
 [][][][] 
 []

[5

]
<imagens/serie.jpeg, id=256, 704.6325pt x 341.77687pt>
File: imagens/serie.jpeg Graphic file (type jpg)
<use imagens/serie.jpeg>
Package pdftex.def Info: imagens/serie.jpeg  used on input line 121.
(pdftex.def)             Requested size: 211.39139pt x 102.53384pt.

Overfull \vbox (0.67606pt too high) has occurred while \output is active []


Overfull \hbox (43.36487pt too wide) has occurred while \output is active
 [][]  
 []


Overfull \hbox (33.66722pt too wide) has occurred while \output is active
 [][][][] 
 []

[6

 <./imagens/serie.jpeg>]
Overfull \vbox (0.67606pt too high) has occurred while \output is active []


Overfull \hbox (43.36487pt too wide) has occurred while \output is active
 [][]  
 []


Overfull \hbox (33.66722pt too wide) has occurred while \output is active
 [][][][] 
 []

[7

]
Overfull \vbox (0.67606pt too high) has occurred while \output is active []


Overfull \hbox (43.36487pt too wide) has occurred while \output is active
 [][]  
 []


Overfull \hbox (33.66722pt too wide) has occurred while \output is active
 [][][][] 
 []

[8

]
Overfull \vbox (0.67606pt too high) has occurred while \output is active []


Overfull \hbox (43.36487pt too wide) has occurred while \output is active
 [][]  
 []


Overfull \hbox (33.66722pt too wide) has occurred while \output is active
 [][][][] 
 []

[9

]
<imagens/metodologia.png, id=402, 453.94594pt x 305.64188pt>
File: imagens/metodologia.png Graphic file (type png)
<use imagens/metodologia.png>
Package pdftex.def Info: imagens/metodologia.png  used on input line 168.
(pdftex.def)             Requested size: 181.57515pt x 122.25458pt.

Overfull \vbox (0.67606pt too high) has occurred while \output is active []


Overfull \hbox (43.36487pt too wide) has occurred while \output is active
 [][]  
 []


Overfull \hbox (33.66722pt too wide) has occurred while \output is active
 [][][][] 
 []

[10

 <./imagens/metodologia.png>]
<imagens/metodologia2.png, id=439, 453.19313pt x 325.215pt>
File: imagens/metodologia2.png Graphic file (type png)
<use imagens/metodologia2.png>
Package pdftex.def Info: imagens/metodologia2.png  used on input line 179.
(pdftex.def)             Requested size: 181.27403pt x 130.0837pt.

Overfull \vbox (0.67606pt too high) has occurred while \output is active []


Overfull \hbox (43.36487pt too wide) has occurred while \output is active
 [][]  
 []


Overfull \hbox (33.66722pt too wide) has occurred while \output is active
 [][][][] 
 []

[11

 <./imagens/metodologia2.png>]
<imagens/rnn.png, id=476, 443.40656pt x 249.18094pt>
File: imagens/rnn.png Graphic file (type png)
<use imagens/rnn.png>
Package pdftex.def Info: imagens/rnn.png  used on input line 193.
(pdftex.def)             Requested size: 177.35948pt x 99.6706pt.

Overfull \hbox (43.36487pt too wide) has occurred while \output is active
 [][]  
 []


Overfull \hbox (33.66722pt too wide) has occurred while \output is active
 [][][][] 
 []

[12

 <./imagens/rnn.png>]
Overfull \hbox (43.36487pt too wide) has occurred while \output is active
 [][]  
 []


Overfull \hbox (33.66722pt too wide) has occurred while \output is active
 [][][][] 
 []

[13

]
Overfull \hbox (43.36487pt too wide) has occurred while \output is active
 [][]  
 []


Overfull \hbox (33.66722pt too wide) has occurred while \output is active
 [][][][] 
 []

[14

]
Overfull \hbox (43.36487pt too wide) has occurred while \output is active
 [][]  
 []


Overfull \hbox (33.66722pt too wide) has occurred while \output is active
 [][][][] 
 []

[15


]
\tf@nav=\write6
\openout6 = `beamer.nav'.

\tf@toc=\write7
\openout7 = `beamer.toc'.

\tf@snm=\write8
\openout8 = `beamer.snm'.

Package atveryend Info: Empty hook `BeforeClearDocument' on input line 232.
Package atveryend Info: Empty hook `AfterLastShipout' on input line 232.
 (beamer.aux)
Package atveryend Info: Executing hook `AtVeryEndDocument' on input line 232.
Package atveryend Info: Executing hook `AtEndAfterFileList' on input line 232.
Package rerunfilecheck Info: File `beamer.out' has not changed.
(rerunfilecheck)             Checksum: 3C0DB42D4C771946E6FBEA9C312688DE;765.
 ) 
Here is how much of TeX's memory you used:
 17886 strings out of 492973
 343334 string characters out of 3125806
 424573 words of memory out of 3000000
 21279 multiletter control sequences out of 15000+200000
 17626 words of font info for 45 fonts, out of 3000000 for 9000
 1141 hyphenation exceptions out of 8191
 56i,19n,55p,775b,561s stack positions out of 5000i,500n,10000p,200000b,50000s
 <C:\Users\Gabriel\AppData\Local\MiKTeX\2.9\fonts\pk\ljfour\jknappen\ec\dpi60
0\ecss1440.pk> <C:\Users\Gabriel\AppData\Local\MiKTeX\2.9\fonts\pk\ljfour\jknap
pen\ec\dpi600\ecss0700.pk> <C:\Users\Gabriel\AppData\Local\MiKTeX\2.9\fonts\pk\
ljfour\jknappen\ec\dpi600\ecss0800.pk> <C:\Users\Gabriel\AppData\Local\MiKTeX\2
.9\fonts\pk\ljfour\jknappen\ec\dpi600\ecsx0900.pk> <C:\Users\Gabriel\AppData\Lo
cal\MiKTeX\2.9\fonts\pk\ljfour\jknappen\ec\dpi600\ecss0600.pk> <C:\Users\Gabrie
l\AppData\Local\MiKTeX\2.9\fonts\pk\ljfour\jknappen\ec\dpi600\ecss0900.pk> <C:\
Users\Gabriel\AppData\Local\MiKTeX\2.9\fonts\pk\ljfour\jknappen\ec\dpi600\ecss1
095.pk> <C:\Users\Gabriel\AppData\Local\MiKTeX\2.9\fonts\pk\ljfour\jknappen\ec\
dpi600\ecsx0500.pk><C:/Users/Gabriel/AppData/Local/Programs/MiKTeX 2.9/fonts/ty
pe1/public/amsfonts/symbols/msam10.pfb>
Output written on beamer.pdf (15 pages, 545453 bytes).
PDF statistics:
 952 PDF objects out of 1000 (max. 8388607)
 43 named destinations out of 1000 (max. 500000)
 169 words of extra memory for PDF output out of 10000 (max. 10000000)

